<?xml version="1.0" encoding="UTF-8"?>
<testng-results ignored="0" total="1" passed="1" failed="0" skipped="0">
  <reporter-output>
  </reporter-output>
  <suite started-at="2023-06-22T12:27:23Z" name="Suite" finished-at="2023-06-22T12:28:20Z" duration-ms="57236">
    <groups>
      <group name="cucumber">
        <method signature="NewsValidationTestRunner.feature(cucumber.api.testng.CucumberFeatureWrapper)[pri:0, instance:MyRunner.NewsValidationTestRunner@4218d6a3]" name="feature" class="MyRunner.NewsValidationTestRunner"/>
      </group> <!-- cucumber -->
    </groups>
    <test started-at="2023-06-22T12:27:23Z" name="Cucumber with TestNG Test" finished-at="2023-06-22T12:28:20Z" duration-ms="57236">
      <class name="MyRunner.NewsValidationTestRunner">
        <test-method is-config="true" signature="setUpClass()[pri:0, instance:MyRunner.NewsValidationTestRunner@4218d6a3]" started-at="2023-06-22T12:27:23Z" name="setUpClass" finished-at="2023-06-22T12:27:23Z" duration-ms="387" status="PASS">
          <reporter-output>
          </reporter-output>
        </test-method> <!-- setUpClass -->
        <test-method signature="feature(cucumber.api.testng.CucumberFeatureWrapper)[pri:0, instance:MyRunner.NewsValidationTestRunner@4218d6a3]" started-at="2023-06-22T12:27:23Z" name="feature" description="Runs Cucumber Feature" data-provider="features" finished-at="2023-06-22T12:28:20Z" duration-ms="56577" status="PASS">
          <params>
            <param index="0">
              <value>
                <![CDATA[News Validation]]>
              </value>
            </param>
          </params>
          <reporter-output>
          </reporter-output>
        </test-method> <!-- feature -->
        <test-method is-config="true" signature="tearDownClass()[pri:0, instance:MyRunner.NewsValidationTestRunner@4218d6a3]" started-at="2023-06-22T12:28:20Z" name="tearDownClass" finished-at="2023-06-22T12:28:20Z" duration-ms="65" status="PASS">
          <reporter-output>
          </reporter-output>
        </test-method> <!-- tearDownClass -->
      </class> <!-- MyRunner.NewsValidationTestRunner -->
    </test> <!-- Cucumber with TestNG Test -->
  </suite> <!-- Suite -->
</testng-results>
